# JRE version: OpenJDK Runtime Environment (8.0_212-b04) (build 1.8.0_212-release-1586-b04)
# Java VM: OpenJDK 64-Bit Server VM (25.212-b04 mixed mode windows-amd64 compressed oops)
Heap:
 PSYoungGen      total 70656K, used 49704K [0x00000000e0000000, 0x00000000e4a00000, 0x0000000100000000)
  eden space 65536K, 68% used [0x00000000e0000000,0x00000000e2b8a5a8,0x00000000e4000000)
  from space 5120K, 99% used [0x00000000e4500000,0x00000000e49ffae8,0x00000000e4a00000)
  to   space 5120K, 0% used [0x00000000e4000000,0x00000000e4000000,0x00000000e4500000)
 ParOldGen       total 60416K, used 23404K [0x00000000a0000000, 0x00000000a3b00000, 0x00000000e0000000)
  object space 60416K, 38% used [0x00000000a0000000,0x00000000a16db1f8,0x00000000a3b00000)
 Metaspace       used 40380K, capacity 41182K, committed 41384K, reserved 1089536K
  class space    used 4983K, capacity 5204K, committed 5296K, reserved 1048576K
GC Heap History (10 events):
Event: 5.389 GC heap before
{Heap before GC invocations=4 (full 1):
 PSYoungGen      total 70656K, used 5100K [0x00000000e0000000, 0x00000000e4a00000, 0x0000000100000000)
  eden space 65536K, 0% used [0x00000000e0000000,0x00000000e0000000,0x00000000e4000000)
  from space 5120K, 99% used [0x00000000e4000000,0x00000000e44fb3b8,0x00000000e4500000)
  to   space 5120K, 0% used [0x00000000e4500000,0x00000000e4500000,0x00000000e4a00000)
 ParOldGen       total 86016K, used 10754K [0x00000000a0000000, 0x00000000a5400000, 0x00000000e0000000)
  object space 86016K, 12% used [0x00000000a0000000,0x00000000a0a80b18,0x00000000a5400000)
 Metaspace       used 20787K, capacity 21168K, committed 21296K, reserved 1069056K
  class space    used 2476K, capacity 2586K, committed 2608K, reserved 1048576K
Event: 5.439 GC heap after
Heap after GC invocations=4 (full 1):
 PSYoungGen      total 70656K, used 0K [0x00000000e0000000, 0x00000000e4a00000, 0x0000000100000000)
  eden space 65536K, 0% used [0x00000000e0000000,0x00000000e0000000,0x00000000e4000000)
  from space 5120K, 0% used [0x00000000e4000000,0x00000000e4000000,0x00000000e4500000)
  to   space 5120K, 0% used [0x00000000e4500000,0x00000000e4500000,0x00000000e4a00000)
 ParOldGen       total 60416K, used 8932K [0x00000000a0000000, 0x00000000a3b00000, 0x00000000e0000000)
  object space 60416K, 14% used [0x00000000a0000000,0x00000000a08b93f0,0x00000000a3b00000)
 Metaspace       used 20787K, capacity 21168K, committed 21296K, reserved 1069056K
  class space    used 2476K, capacity 2586K, committed 2608K, reserved 1048576K
}
Event: 9.141 GC heap before
{Heap before GC invocations=5 (full 1):
 PSYoungGen      total 70656K, used 65536K [0x00000000e0000000, 0x00000000e4a00000, 0x0000000100000000)
  eden space 65536K, 100% used [0x00000000e0000000,0x00000000e4000000,0x00000000e4000000)
  from space 5120K, 0% used [0x00000000e4000000,0x00000000e4000000,0x00000000e4500000)
  to   space 5120K, 0% used [0x00000000e4500000,0x00000000e4500000,0x00000000e4a00000)
 ParOldGen       total 60416K, used 8932K [0x00000000a0000000, 0x00000000a3b00000, 0x00000000e0000000)
  object space 60416K, 14% used [0x00000000a0000000,0x00000000a08b93f0,0x00000000a3b00000)
 Metaspace       used 29360K, capacity 29885K, committed 30256K, reserved 1079296K
  class space    used 3691K, capacity 3837K, committed 3888K, reserved 1048576K
Event: 9.163 GC heap after
Heap after GC invocations=5 (full 1):
 PSYoungGen      total 70656K, used 5090K [0x00000000e0000000, 0x00000000e4a00000, 0x0000000100000000)
  eden space 65536K, 0% used [0x00000000e0000000,0x00000000e0000000,0x00000000e4000000)
  from space 5120K, 99% used [0x00000000e4500000,0x00000000e49f8918,0x00000000e4a00000)
  to   space 5120K, 0% used [0x00000000e4000000,0x00000000e4000000,0x00000000e4500000)
 ParOldGen       total 60416K, used 18313K [0x00000000a0000000, 0x00000000a3b00000, 0x00000000e0000000)
  object space 60416K, 30% used [0x00000000a0000000,0x00000000a11e27c8,0x00000000a3b00000)
 Metaspace       used 29360K, capacity 29885K, committed 30256K, reserved 1079296K
  class space    used 3691K, capacity 3837K, committed 3888K, reserved 1048576K
}
Event: 10.516 GC heap before
{Heap before GC invocations=6 (full 1):
 PSYoungGen      total 70656K, used 38880K [0x00000000e0000000, 0x00000000e4a00000, 0x0000000100000000)
  eden space 65536K, 51% used [0x00000000e0000000,0x00000000e20ffa38,0x00000000e4000000)
  from space 5120K, 99% used [0x00000000e4500000,0x00000000e49f8918,0x00000000e4a00000)
  to   space 5120K, 0% used [0x00000000e4000000,0x00000000e4000000,0x00000000e4500000)
 ParOldGen       total 60416K, used 18313K [0x00000000a0000000, 0x00000000a3b00000, 0x00000000e0000000)
  object space 60416K, 30% used [0x00000000a0000000,0x00000000a11e27c8,0x00000000a3b00000)
 Metaspace       used 34632K, capacity 35179K, committed 35496K, reserved 1083392K
  class space    used 4325K, capacity 4484K, committed 4528K, reserved 1048576K
Event: 10.534 GC heap after
Heap after GC invocations=6 (full 1):
 PSYoungGen      total 70656K, used 5119K [0x00000000e0000000, 0x00000000e4a00000, 0x0000000100000000)
  eden space 65536K, 0% used [0x00000000e0000000,0x00000000e0000000,0x00000000e4000000)
  from space 5120K, 99% used [0x00000000e4000000,0x00000000e44ffde8,0x00000000e4500000)
  to   space 5120K, 0% used [0x00000000e4500000,0x00000000e4500000,0x00000000e4a00000)
 ParOldGen       total 60416K, used 26722K [0x00000000a0000000, 0x00000000a3b00000, 0x00000000e0000000)
  object space 60416K, 44% used [0x00000000a0000000,0x00000000a1a18920,0x00000000a3b00000)
 Metaspace       used 34632K, capacity 35179K, committed 35496K, reserved 1083392K
  class space    used 4325K, capacity 4484K, committed 4528K, reserved 1048576K
}
Event: 10.534 GC heap before
{Heap before GC invocations=7 (full 2):
 PSYoungGen      total 70656K, used 5119K [0x00000000e0000000, 0x00000000e4a00000, 0x0000000100000000)
  eden space 65536K, 0% used [0x00000000e0000000,0x00000000e0000000,0x00000000e4000000)
  from space 5120K, 99% used [0x00000000e4000000,0x00000000e44ffde8,0x00000000e4500000)
  to   space 5120K, 0% used [0x00000000e4500000,0x00000000e4500000,0x00000000e4a00000)
 ParOldGen       total 60416K, used 26722K [0x00000000a0000000, 0x00000000a3b00000, 0x00000000e0000000)
  object space 60416K, 44% used [0x00000000a0000000,0x00000000a1a18920,0x00000000a3b00000)
 Metaspace       used 34632K, capacity 35179K, committed 35496K, reserved 1083392K
  class space    used 4325K, capacity 4484K, committed 4528K, reserved 1048576K
Event: 10.658 GC heap after
Heap after GC invocations=7 (full 2):
 PSYoungGen      total 70656K, used 0K [0x00000000e0000000, 0x00000000e4a00000, 0x0000000100000000)
  eden space 65536K, 0% used [0x00000000e0000000,0x00000000e0000000,0x00000000e4000000)
  from space 5120K, 0% used [0x00000000e4000000,0x00000000e4000000,0x00000000e4500000)
  to   space 5120K, 0% used [0x00000000e4500000,0x00000000e4500000,0x00000000e4a00000)
 ParOldGen       total 60416K, used 20836K [0x00000000a0000000, 0x00000000a3b00000, 0x00000000e0000000)
  object space 60416K, 34% used [0x00000000a0000000,0x00000000a1459320,0x00000000a3b00000)
 Metaspace       used 34632K, capacity 35179K, committed 35496K, reserved 1083392K
  class space    used 4325K, capacity 4484K, committed 4528K, reserved 1048576K
}
Event: 12.739 GC heap before
{Heap before GC invocations=8 (full 2):
 PSYoungGen      total 70656K, used 65536K [0x00000000e0000000, 0x00000000e4a00000, 0x0000000100000000)
  eden space 65536K, 100% used [0x00000000e0000000,0x00000000e4000000,0x00000000e4000000)
  from space 5120K, 0% used [0x00000000e4000000,0x00000000e4000000,0x00000000e4500000)
  to   space 5120K, 0% used [0x00000000e4500000,0x00000000e4500000,0x00000000e4a00000)
 ParOldGen       total 60416K, used 20836K [0x00000000a0000000, 0x00000000a3b00000, 0x00000000e0000000)
  object space 60416K, 34% used [0x00000000a0000000,0x00000000a1459320,0x00000000a3b00000)
 Metaspace       used 36515K, capacity 37270K, committed 37544K, reserved 1085440K
  class space    used 4501K, capacity 4724K, committed 4784K, reserved 1048576K
Event: 12.745 GC heap after
Heap after GC invocations=8 (full 2):
 PSYoungGen      total 70656K, used 5118K [0x00000000e0000000, 0x00000000e4a00000, 0x0000000100000000)
  eden space 65536K, 0% used [0x00000000e0000000,0x00000000e0000000,0x00000000e4000000)
  from space 5120K, 99% used [0x00000000e4500000,0x00000000e49ffae8,0x00000000e4a00000)
  to   space 5120K, 0% used [0x00000000e4000000,0x00000000e4000000,0x00000000e4500000)
 ParOldGen       total 60416K, used 23404K [0x00000000a0000000, 0x00000000a3b00000, 0x00000000e0000000)
  object space 60416K, 38% used [0x00000000a0000000,0x00000000a16db1f8,0x00000000a3b00000)
 Metaspace       used 36515K, capacity 37270K, committed 37544K, reserved 1085440K
  class space    used 4501K, capacity 4724K, committed 4784K, reserved 1048576K
}

