# JRE version: OpenJDK Runtime Environment (8.0_212-b04) (build 1.8.0_212-release-1586-b04)
# Java VM: OpenJDK 64-Bit Server VM (25.212-b04 mixed mode windows-amd64 compressed oops)
Heap:
 PSYoungGen      total 114176K, used 64180K [0x00000000e0000000, 0x00000000e7c80000, 0x0000000100000000)
  eden space 102400K, 51% used [0x00000000e0000000,0x00000000e3331628,0x00000000e6400000)
  from space 11776K, 99% used [0x00000000e6f80000,0x00000000e7afbd00,0x00000000e7b00000)
  to   space 11776K, 0% used [0x00000000e6400000,0x00000000e6400000,0x00000000e6f80000)
 ParOldGen       total 60416K, used 16827K [0x00000000a0000000, 0x00000000a3b00000, 0x00000000e0000000)
  object space 60416K, 27% used [0x00000000a0000000,0x00000000a106ede0,0x00000000a3b00000)
 Metaspace       used 48430K, capacity 49850K, committed 50176K, reserved 1095680K
  class space    used 6474K, capacity 6830K, committed 6912K, reserved 1048576K
GC Heap History (10 events):
Event: 8.793 GC heap before
{Heap before GC invocations=8 (full 1):
 PSYoungGen      total 74752K, used 64512K [0x00000000e0000000, 0x00000000e5600000, 0x0000000100000000)
  eden space 64512K, 100% used [0x00000000e0000000,0x00000000e3f00000,0x00000000e3f00000)
  from space 10240K, 0% used [0x00000000e4a00000,0x00000000e4a00000,0x00000000e5400000)
  to   space 11264K, 0% used [0x00000000e3f00000,0x00000000e3f00000,0x00000000e4a00000)
 ParOldGen       total 60416K, used 10534K [0x00000000a0000000, 0x00000000a3b00000, 0x00000000e0000000)
  object space 60416K, 17% used [0x00000000a0000000,0x00000000a0a49ad0,0x00000000a3b00000)
 Metaspace       used 29183K, capacity 29858K, committed 30080K, reserved 1075200K
  class space    used 3946K, capacity 4152K, committed 4224K, reserved 1048576K
Event: 8.805 GC heap after
Heap after GC invocations=8 (full 1):
 PSYoungGen      total 75776K, used 8288K [0x00000000e0000000, 0x00000000e7b00000, 0x0000000100000000)
  eden space 64512K, 0% used [0x00000000e0000000,0x00000000e0000000,0x00000000e3f00000)
  from space 11264K, 73% used [0x00000000e3f00000,0x00000000e47182a8,0x00000000e4a00000)
  to   space 11776K, 0% used [0x00000000e6f80000,0x00000000e6f80000,0x00000000e7b00000)
 ParOldGen       total 60416K, used 10542K [0x00000000a0000000, 0x00000000a3b00000, 0x00000000e0000000)
  object space 60416K, 17% used [0x00000000a0000000,0x00000000a0a4bad0,0x00000000a3b00000)
 Metaspace       used 29183K, capacity 29858K, committed 30080K, reserved 1075200K
  class space    used 3946K, capacity 4152K, committed 4224K, reserved 1048576K
}
Event: 9.777 GC heap before
{Heap before GC invocations=9 (full 1):
 PSYoungGen      total 75776K, used 72800K [0x00000000e0000000, 0x00000000e7b00000, 0x0000000100000000)
  eden space 64512K, 100% used [0x00000000e0000000,0x00000000e3f00000,0x00000000e3f00000)
  from space 11264K, 73% used [0x00000000e3f00000,0x00000000e47182a8,0x00000000e4a00000)
  to   space 11776K, 0% used [0x00000000e6f80000,0x00000000e6f80000,0x00000000e7b00000)
 ParOldGen       total 60416K, used 10542K [0x00000000a0000000, 0x00000000a3b00000, 0x00000000e0000000)
  object space 60416K, 17% used [0x00000000a0000000,0x00000000a0a4bad0,0x00000000a3b00000)
 Metaspace       used 32121K, capacity 32870K, committed 33152K, reserved 1077248K
  class space    used 4418K, capacity 4644K, committed 4736K, reserved 1048576K
Event: 9.794 GC heap after
Heap after GC invocations=9 (full 1):
 PSYoungGen      total 114176K, used 8919K [0x00000000e0000000, 0x00000000e7c80000, 0x0000000100000000)
  eden space 102400K, 0% used [0x00000000e0000000,0x00000000e0000000,0x00000000e6400000)
  from space 11776K, 75% used [0x00000000e6f80000,0x00000000e7835e38,0x00000000e7b00000)
  to   space 11776K, 0% used [0x00000000e6400000,0x00000000e6400000,0x00000000e6f80000)
 ParOldGen       total 60416K, used 10550K [0x00000000a0000000, 0x00000000a3b00000, 0x00000000e0000000)
  object space 60416K, 17% used [0x00000000a0000000,0x00000000a0a4dad0,0x00000000a3b00000)
 Metaspace       used 32121K, capacity 32870K, committed 33152K, reserved 1077248K
  class space    used 4418K, capacity 4644K, committed 4736K, reserved 1048576K
}
Event: 10.724 GC heap before
{Heap before GC invocations=10 (full 1):
 PSYoungGen      total 114176K, used 60579K [0x00000000e0000000, 0x00000000e7c80000, 0x0000000100000000)
  eden space 102400K, 50% used [0x00000000e0000000,0x00000000e3273190,0x00000000e6400000)
  from space 11776K, 75% used [0x00000000e6f80000,0x00000000e7835e38,0x00000000e7b00000)
  to   space 11776K, 0% used [0x00000000e6400000,0x00000000e6400000,0x00000000e6f80000)
 ParOldGen       total 60416K, used 10550K [0x00000000a0000000, 0x00000000a3b00000, 0x00000000e0000000)
  object space 60416K, 17% used [0x00000000a0000000,0x00000000a0a4dad0,0x00000000a3b00000)
 Metaspace       used 34537K, capacity 35404K, committed 35456K, reserved 1079296K
  class space    used 4759K, capacity 4977K, committed 4992K, reserved 1048576K
Event: 10.751 GC heap after
Heap after GC invocations=10 (full 1):
 PSYoungGen      total 114176K, used 9589K [0x00000000e0000000, 0x00000000e7c80000, 0x0000000100000000)
  eden space 102400K, 0% used [0x00000000e0000000,0x00000000e0000000,0x00000000e6400000)
  from space 11776K, 81% used [0x00000000e6400000,0x00000000e6d5d710,0x00000000e6f80000)
  to   space 11776K, 0% used [0x00000000e6f80000,0x00000000e6f80000,0x00000000e7b00000)
 ParOldGen       total 60416K, used 10558K [0x00000000a0000000, 0x00000000a3b00000, 0x00000000e0000000)
  object space 60416K, 17% used [0x00000000a0000000,0x00000000a0a4fad0,0x00000000a3b00000)
 Metaspace       used 34537K, capacity 35404K, committed 35456K, reserved 1079296K
  class space    used 4759K, capacity 4977K, committed 4992K, reserved 1048576K
}
Event: 10.751 GC heap before
{Heap before GC invocations=11 (full 2):
 PSYoungGen      total 114176K, used 9589K [0x00000000e0000000, 0x00000000e7c80000, 0x0000000100000000)
  eden space 102400K, 0% used [0x00000000e0000000,0x00000000e0000000,0x00000000e6400000)
  from space 11776K, 81% used [0x00000000e6400000,0x00000000e6d5d710,0x00000000e6f80000)
  to   space 11776K, 0% used [0x00000000e6f80000,0x00000000e6f80000,0x00000000e7b00000)
 ParOldGen       total 60416K, used 10558K [0x00000000a0000000, 0x00000000a3b00000, 0x00000000e0000000)
  object space 60416K, 17% used [0x00000000a0000000,0x00000000a0a4fad0,0x00000000a3b00000)
 Metaspace       used 34537K, capacity 35404K, committed 35456K, reserved 1079296K
  class space    used 4759K, capacity 4977K, committed 4992K, reserved 1048576K
Event: 10.918 GC heap after
Heap after GC invocations=11 (full 2):
 PSYoungGen      total 114176K, used 0K [0x00000000e0000000, 0x00000000e7c80000, 0x0000000100000000)
  eden space 102400K, 0% used [0x00000000e0000000,0x00000000e0000000,0x00000000e6400000)
  from space 11776K, 0% used [0x00000000e6400000,0x00000000e6400000,0x00000000e6f80000)
  to   space 11776K, 0% used [0x00000000e6f80000,0x00000000e6f80000,0x00000000e7b00000)
 ParOldGen       total 60416K, used 16108K [0x00000000a0000000, 0x00000000a3b00000, 0x00000000e0000000)
  object space 60416K, 26% used [0x00000000a0000000,0x00000000a0fbb3a0,0x00000000a3b00000)
 Metaspace       used 34523K, capacity 35356K, committed 35456K, reserved 1079296K
  class space    used 4755K, capacity 4969K, committed 4992K, reserved 1048576K
}
Event: 13.278 GC heap before
{Heap before GC invocations=12 (full 2):
 PSYoungGen      total 114176K, used 102400K [0x00000000e0000000, 0x00000000e7c80000, 0x0000000100000000)
  eden space 102400K, 100% used [0x00000000e0000000,0x00000000e6400000,0x00000000e6400000)
  from space 11776K, 0% used [0x00000000e6400000,0x00000000e6400000,0x00000000e6f80000)
  to   space 11776K, 0% used [0x00000000e6f80000,0x00000000e6f80000,0x00000000e7b00000)
 ParOldGen       total 60416K, used 16108K [0x00000000a0000000, 0x00000000a3b00000, 0x00000000e0000000)
  object space 60416K, 26% used [0x00000000a0000000,0x00000000a0fbb3a0,0x00000000a3b00000)
 Metaspace       used 44014K, capacity 45228K, committed 45440K, reserved 1089536K
  class space    used 5952K, capacity 6218K, committed 6272K, reserved 1048576K
Event: 13.296 GC heap after
Heap after GC invocations=12 (full 2):
 PSYoungGen      total 114176K, used 11759K [0x00000000e0000000, 0x00000000e7c80000, 0x0000000100000000)
  eden space 102400K, 0% used [0x00000000e0000000,0x00000000e0000000,0x00000000e6400000)
  from space 11776K, 99% used [0x00000000e6f80000,0x00000000e7afbd00,0x00000000e7b00000)
  to   space 11776K, 0% used [0x00000000e6400000,0x00000000e6400000,0x00000000e6f80000)
 ParOldGen       total 60416K, used 16827K [0x00000000a0000000, 0x00000000a3b00000, 0x00000000e0000000)
  object space 60416K, 27% used [0x00000000a0000000,0x00000000a106ede0,0x00000000a3b00000)
 Metaspace       used 44014K, capacity 45228K, committed 45440K, reserved 1089536K
  class space    used 5952K, capacity 6218K, committed 6272K, reserved 1048576K
}

