# JRE version: OpenJDK Runtime Environment (8.0_212-b04) (build 1.8.0_212-release-1586-b04)
# Java VM: OpenJDK 64-Bit Server VM (25.212-b04 mixed mode windows-amd64 compressed oops)
Heap:
 PSYoungGen      total 112640K, used 32635K [0x00000000e0000000, 0x00000000e7b00000, 0x0000000100000000)
  eden space 101376K, 23% used [0x00000000e0000000,0x00000000e1731f78,0x00000000e6300000)
  from space 11264K, 78% used [0x00000000e6e80000,0x00000000e772cc88,0x00000000e7980000)
  to   space 11776K, 0% used [0x00000000e6300000,0x00000000e6300000,0x00000000e6e80000)
 ParOldGen       total 59904K, used 9368K [0x00000000a0000000, 0x00000000a3a80000, 0x00000000e0000000)
  object space 59904K, 15% used [0x00000000a0000000,0x00000000a0926180,0x00000000a3a80000)
 Metaspace       used 33230K, capacity 34018K, committed 34304K, reserved 1079296K
  class space    used 4570K, capacity 4792K, committed 4864K, reserved 1048576K
GC Heap History (10 events):
Event: 5.985 GC heap before
{Heap before GC invocations=5 (full 0):
 PSYoungGen      total 37888K, used 37856K [0x00000000e0000000, 0x00000000e2a00000, 0x0000000100000000)
  eden space 32768K, 100% used [0x00000000e0000000,0x00000000e2000000,0x00000000e2000000)
  from space 5120K, 99% used [0x00000000e2500000,0x00000000e29f8040,0x00000000e2a00000)
  to   space 5120K, 0% used [0x00000000e2000000,0x00000000e2000000,0x00000000e2500000)
 ParOldGen       total 86016K, used 3945K [0x00000000a0000000, 0x00000000a5400000, 0x00000000e0000000)
  object space 86016K, 4% used [0x00000000a0000000,0x00000000a03da7f8,0x00000000a5400000)
 Metaspace       used 17507K, capacity 17962K, committed 18176K, reserved 1064960K
  class space    used 2521K, capacity 2695K, committed 2816K, reserved 1048576K
Event: 5.997 GC heap after
Heap after GC invocations=5 (full 0):
 PSYoungGen      total 37888K, used 5104K [0x00000000e0000000, 0x00000000e5400000, 0x0000000100000000)
  eden space 32768K, 0% used [0x00000000e0000000,0x00000000e0000000,0x00000000e2000000)
  from space 5120K, 99% used [0x00000000e2000000,0x00000000e24fc030,0x00000000e2500000)
  to   space 10240K, 0% used [0x00000000e4a00000,0x00000000e4a00000,0x00000000e5400000)
 ParOldGen       total 86016K, used 7321K [0x00000000a0000000, 0x00000000a5400000, 0x00000000e0000000)
  object space 86016K, 8% used [0x00000000a0000000,0x00000000a0726588,0x00000000a5400000)
 Metaspace       used 17507K, capacity 17962K, committed 18176K, reserved 1064960K
  class space    used 2521K, capacity 2695K, committed 2816K, reserved 1048576K
}
Event: 6.676 GC heap before
{Heap before GC invocations=6 (full 0):
 PSYoungGen      total 37888K, used 34496K [0x00000000e0000000, 0x00000000e5400000, 0x0000000100000000)
  eden space 32768K, 89% used [0x00000000e0000000,0x00000000e1cb43a8,0x00000000e2000000)
  from space 5120K, 99% used [0x00000000e2000000,0x00000000e24fc030,0x00000000e2500000)
  to   space 10240K, 0% used [0x00000000e4a00000,0x00000000e4a00000,0x00000000e5400000)
 ParOldGen       total 86016K, used 7321K [0x00000000a0000000, 0x00000000a5400000, 0x00000000e0000000)
  object space 86016K, 8% used [0x00000000a0000000,0x00000000a0726588,0x00000000a5400000)
 Metaspace       used 20634K, capacity 21164K, committed 21296K, reserved 1067008K
  class space    used 2975K, capacity 3170K, committed 3200K, reserved 1048576K
Event: 6.686 GC heap after
Heap after GC invocations=6 (full 0):
 PSYoungGen      total 74752K, used 8765K [0x00000000e0000000, 0x00000000e5600000, 0x0000000100000000)
  eden space 64512K, 0% used [0x00000000e0000000,0x00000000e0000000,0x00000000e3f00000)
  from space 10240K, 85% used [0x00000000e4a00000,0x00000000e528f560,0x00000000e5400000)
  to   space 11264K, 0% used [0x00000000e3f00000,0x00000000e3f00000,0x00000000e4a00000)
 ParOldGen       total 86016K, used 7329K [0x00000000a0000000, 0x00000000a5400000, 0x00000000e0000000)
  object space 86016K, 8% used [0x00000000a0000000,0x00000000a0728588,0x00000000a5400000)
 Metaspace       used 20634K, capacity 21164K, committed 21296K, reserved 1067008K
  class space    used 2975K, capacity 3170K, committed 3200K, reserved 1048576K
}
Event: 6.686 GC heap before
{Heap before GC invocations=7 (full 1):
 PSYoungGen      total 74752K, used 8765K [0x00000000e0000000, 0x00000000e5600000, 0x0000000100000000)
  eden space 64512K, 0% used [0x00000000e0000000,0x00000000e0000000,0x00000000e3f00000)
  from space 10240K, 85% used [0x00000000e4a00000,0x00000000e528f560,0x00000000e5400000)
  to   space 11264K, 0% used [0x00000000e3f00000,0x00000000e3f00000,0x00000000e4a00000)
 ParOldGen       total 86016K, used 7329K [0x00000000a0000000, 0x00000000a5400000, 0x00000000e0000000)
  object space 86016K, 8% used [0x00000000a0000000,0x00000000a0728588,0x00000000a5400000)
 Metaspace       used 20634K, capacity 21164K, committed 21296K, reserved 1067008K
  class space    used 2975K, capacity 3170K, committed 3200K, reserved 1048576K
Event: 6.740 GC heap after
Heap after GC invocations=7 (full 1):
 PSYoungGen      total 74752K, used 0K [0x00000000e0000000, 0x00000000e5600000, 0x0000000100000000)
  eden space 64512K, 0% used [0x00000000e0000000,0x00000000e0000000,0x00000000e3f00000)
  from space 10240K, 0% used [0x00000000e4a00000,0x00000000e4a00000,0x00000000e5400000)
  to   space 11264K, 0% used [0x00000000e3f00000,0x00000000e3f00000,0x00000000e4a00000)
 ParOldGen       total 59904K, used 9352K [0x00000000a0000000, 0x00000000a3a80000, 0x00000000e0000000)
  object space 59904K, 15% used [0x00000000a0000000,0x00000000a0922180,0x00000000a3a80000)
 Metaspace       used 20634K, capacity 21164K, committed 21296K, reserved 1067008K
  class space    used 2975K, capacity 3170K, committed 3200K, reserved 1048576K
}
Event: 8.231 GC heap before
{Heap before GC invocations=8 (full 1):
 PSYoungGen      total 74752K, used 64512K [0x00000000e0000000, 0x00000000e5600000, 0x0000000100000000)
  eden space 64512K, 100% used [0x00000000e0000000,0x00000000e3f00000,0x00000000e3f00000)
  from space 10240K, 0% used [0x00000000e4a00000,0x00000000e4a00000,0x00000000e5400000)
  to   space 11264K, 0% used [0x00000000e3f00000,0x00000000e3f00000,0x00000000e4a00000)
 ParOldGen       total 59904K, used 9352K [0x00000000a0000000, 0x00000000a3a80000, 0x00000000e0000000)
  object space 59904K, 15% used [0x00000000a0000000,0x00000000a0922180,0x00000000a3a80000)
 Metaspace       used 29186K, capacity 29826K, committed 30080K, reserved 1075200K
  class space    used 3938K, capacity 4120K, committed 4224K, reserved 1048576K
Event: 8.242 GC heap after
Heap after GC invocations=8 (full 1):
 PSYoungGen      total 75776K, used 8203K [0x00000000e0000000, 0x00000000e7980000, 0x0000000100000000)
  eden space 64512K, 0% used [0x00000000e0000000,0x00000000e0000000,0x00000000e3f00000)
  from space 11264K, 72% used [0x00000000e3f00000,0x00000000e4702eb8,0x00000000e4a00000)
  to   space 11264K, 0% used [0x00000000e6e80000,0x00000000e6e80000,0x00000000e7980000)
 ParOldGen       total 59904K, used 9360K [0x00000000a0000000, 0x00000000a3a80000, 0x00000000e0000000)
  object space 59904K, 15% used [0x00000000a0000000,0x00000000a0924180,0x00000000a3a80000)
 Metaspace       used 29186K, capacity 29826K, committed 30080K, reserved 1075200K
  class space    used 3938K, capacity 4120K, committed 4224K, reserved 1048576K
}
Event: 9.651 GC heap before
{Heap before GC invocations=9 (full 1):
 PSYoungGen      total 75776K, used 72715K [0x00000000e0000000, 0x00000000e7980000, 0x0000000100000000)
  eden space 64512K, 100% used [0x00000000e0000000,0x00000000e3f00000,0x00000000e3f00000)
  from space 11264K, 72% used [0x00000000e3f00000,0x00000000e4702eb8,0x00000000e4a00000)
  to   space 11264K, 0% used [0x00000000e6e80000,0x00000000e6e80000,0x00000000e7980000)
 ParOldGen       total 59904K, used 9360K [0x00000000a0000000, 0x00000000a3a80000, 0x00000000e0000000)
  object space 59904K, 15% used [0x00000000a0000000,0x00000000a0924180,0x00000000a3a80000)
 Metaspace       used 32132K, capacity 32870K, committed 33152K, reserved 1077248K
  class space    used 4411K, capacity 4644K, committed 4736K, reserved 1048576K
Event: 9.667 GC heap after
Heap after GC invocations=9 (full 1):
 PSYoungGen      total 112640K, used 8883K [0x00000000e0000000, 0x00000000e7b00000, 0x0000000100000000)
  eden space 101376K, 0% used [0x00000000e0000000,0x00000000e0000000,0x00000000e6300000)
  from space 11264K, 78% used [0x00000000e6e80000,0x00000000e772cc88,0x00000000e7980000)
  to   space 11776K, 0% used [0x00000000e6300000,0x00000000e6300000,0x00000000e6e80000)
 ParOldGen       total 59904K, used 9368K [0x00000000a0000000, 0x00000000a3a80000, 0x00000000e0000000)
  object space 59904K, 15% used [0x00000000a0000000,0x00000000a0926180,0x00000000a3a80000)
 Metaspace       used 32132K, capacity 32870K, committed 33152K, reserved 1077248K
  class space    used 4411K, capacity 4644K, committed 4736K, reserved 1048576K
}

