# JRE version: OpenJDK Runtime Environment (8.0_212-b04) (build 1.8.0_212-release-1586-b04)
# Java VM: OpenJDK 64-Bit Server VM (25.212-b04 mixed mode windows-amd64 compressed oops)
Heap:
 PSYoungGen      total 37888K, used 30330K [0x00000000e0000000, 0x00000000e2a00000, 0x0000000100000000)
  eden space 32768K, 92% used [0x00000000e0000000,0x00000000e1d9e9f8,0x00000000e2000000)
  from space 5120K, 0% used [0x00000000e2000000,0x00000000e2000000,0x00000000e2500000)
  to   space 5120K, 0% used [0x00000000e2500000,0x00000000e2500000,0x00000000e2a00000)
 ParOldGen       total 54272K, used 7867K [0x00000000a0000000, 0x00000000a3500000, 0x00000000e0000000)
  object space 54272K, 14% used [0x00000000a0000000,0x00000000a07aec30,0x00000000a3500000)
 Metaspace       used 24184K, capacity 24624K, committed 24960K, reserved 1071104K
  class space    used 3050K, capacity 3165K, committed 3200K, reserved 1048576K
GC Heap History (10 events):
Event: 8.665 GC heap before
{Heap before GC invocations=1 (full 0):
 PSYoungGen      total 37888K, used 32768K [0x00000000e0000000, 0x00000000e2a00000, 0x0000000100000000)
  eden space 32768K, 100% used [0x00000000e0000000,0x00000000e2000000,0x00000000e2000000)
  from space 5120K, 0% used [0x00000000e2500000,0x00000000e2500000,0x00000000e2a00000)
  to   space 5120K, 0% used [0x00000000e2000000,0x00000000e2000000,0x00000000e2500000)
 ParOldGen       total 86016K, used 0K [0x00000000a0000000, 0x00000000a5400000, 0x00000000e0000000)
  object space 86016K, 0% used [0x00000000a0000000,0x00000000a0000000,0x00000000a5400000)
 Metaspace       used 12052K, capacity 12340K, committed 12544K, reserved 1060864K
  class space    used 1343K, capacity 1446K, committed 1536K, reserved 1048576K
Event: 8.673 GC heap after
Heap after GC invocations=1 (full 0):
 PSYoungGen      total 37888K, used 5114K [0x00000000e0000000, 0x00000000e2a00000, 0x0000000100000000)
  eden space 32768K, 0% used [0x00000000e0000000,0x00000000e0000000,0x00000000e2000000)
  from space 5120K, 99% used [0x00000000e2000000,0x00000000e24fe940,0x00000000e2500000)
  to   space 5120K, 0% used [0x00000000e2500000,0x00000000e2500000,0x00000000e2a00000)
 ParOldGen       total 86016K, used 1914K [0x00000000a0000000, 0x00000000a5400000, 0x00000000e0000000)
  object space 86016K, 2% used [0x00000000a0000000,0x00000000a01debb0,0x00000000a5400000)
 Metaspace       used 12052K, capacity 12340K, committed 12544K, reserved 1060864K
  class space    used 1343K, capacity 1446K, committed 1536K, reserved 1048576K
}
Event: 9.144 GC heap before
{Heap before GC invocations=2 (full 0):
 PSYoungGen      total 37888K, used 26119K [0x00000000e0000000, 0x00000000e2a00000, 0x0000000100000000)
  eden space 32768K, 64% used [0x00000000e0000000,0x00000000e1483650,0x00000000e2000000)
  from space 5120K, 99% used [0x00000000e2000000,0x00000000e24fe940,0x00000000e2500000)
  to   space 5120K, 0% used [0x00000000e2500000,0x00000000e2500000,0x00000000e2a00000)
 ParOldGen       total 86016K, used 1914K [0x00000000a0000000, 0x00000000a5400000, 0x00000000e0000000)
  object space 86016K, 2% used [0x00000000a0000000,0x00000000a01debb0,0x00000000a5400000)
 Metaspace       used 14648K, capacity 14996K, committed 15104K, reserved 1062912K
  class space    used 1692K, capacity 1782K, committed 1792K, reserved 1048576K
Event: 9.153 GC heap after
Heap after GC invocations=2 (full 0):
 PSYoungGen      total 37888K, used 5116K [0x00000000e0000000, 0x00000000e2a00000, 0x0000000100000000)
  eden space 32768K, 0% used [0x00000000e0000000,0x00000000e0000000,0x00000000e2000000)
  from space 5120K, 99% used [0x00000000e2500000,0x00000000e29ff1f0,0x00000000e2a00000)
  to   space 5120K, 0% used [0x00000000e2000000,0x00000000e2000000,0x00000000e2500000)
 ParOldGen       total 86016K, used 4791K [0x00000000a0000000, 0x00000000a5400000, 0x00000000e0000000)
  object space 86016K, 5% used [0x00000000a0000000,0x00000000a04adcc0,0x00000000a5400000)
 Metaspace       used 14648K, capacity 14996K, committed 15104K, reserved 1062912K
  class space    used 1692K, capacity 1782K, committed 1792K, reserved 1048576K
}
Event: 9.154 GC heap before
{Heap before GC invocations=3 (full 1):
 PSYoungGen      total 37888K, used 5116K [0x00000000e0000000, 0x00000000e2a00000, 0x0000000100000000)
  eden space 32768K, 0% used [0x00000000e0000000,0x00000000e0000000,0x00000000e2000000)
  from space 5120K, 99% used [0x00000000e2500000,0x00000000e29ff1f0,0x00000000e2a00000)
  to   space 5120K, 0% used [0x00000000e2000000,0x00000000e2000000,0x00000000e2500000)
 ParOldGen       total 86016K, used 4791K [0x00000000a0000000, 0x00000000a5400000, 0x00000000e0000000)
  object space 86016K, 5% used [0x00000000a0000000,0x00000000a04adcc0,0x00000000a5400000)
 Metaspace       used 14648K, capacity 14996K, committed 15104K, reserved 1062912K
  class space    used 1692K, capacity 1782K, committed 1792K, reserved 1048576K
Event: 9.192 GC heap after
Heap after GC invocations=3 (full 1):
 PSYoungGen      total 37888K, used 0K [0x00000000e0000000, 0x00000000e2a00000, 0x0000000100000000)
  eden space 32768K, 0% used [0x00000000e0000000,0x00000000e0000000,0x00000000e2000000)
  from space 5120K, 0% used [0x00000000e2500000,0x00000000e2500000,0x00000000e2a00000)
  to   space 5120K, 0% used [0x00000000e2000000,0x00000000e2000000,0x00000000e2500000)
 ParOldGen       total 54272K, used 7820K [0x00000000a0000000, 0x00000000a3500000, 0x00000000e0000000)
  object space 54272K, 14% used [0x00000000a0000000,0x00000000a07a33c0,0x00000000a3500000)
 Metaspace       used 14648K, capacity 14996K, committed 15104K, reserved 1062912K
  class space    used 1692K, capacity 1782K, committed 1792K, reserved 1048576K
}
Event: 9.680 GC heap before
{Heap before GC invocations=4 (full 1):
 PSYoungGen      total 37888K, used 12721K [0x00000000e0000000, 0x00000000e2a00000, 0x0000000100000000)
  eden space 32768K, 38% used [0x00000000e0000000,0x00000000e0c6c558,0x00000000e2000000)
  from space 5120K, 0% used [0x00000000e2500000,0x00000000e2500000,0x00000000e2a00000)
  to   space 5120K, 0% used [0x00000000e2000000,0x00000000e2000000,0x00000000e2500000)
 ParOldGen       total 54272K, used 7820K [0x00000000a0000000, 0x00000000a3500000, 0x00000000e0000000)
  object space 54272K, 14% used [0x00000000a0000000,0x00000000a07a33c0,0x00000000a3500000)
 Metaspace       used 17898K, capacity 18214K, committed 18432K, reserved 1069056K
  class space    used 2100K, capacity 2171K, committed 2304K, reserved 1048576K
Event: 9.686 GC heap after
Heap after GC invocations=4 (full 1):
 PSYoungGen      total 37888K, used 2905K [0x00000000e0000000, 0x00000000e2a00000, 0x0000000100000000)
  eden space 32768K, 0% used [0x00000000e0000000,0x00000000e0000000,0x00000000e2000000)
  from space 5120K, 56% used [0x00000000e2000000,0x00000000e22d65b0,0x00000000e2500000)
  to   space 5120K, 0% used [0x00000000e2500000,0x00000000e2500000,0x00000000e2a00000)
 ParOldGen       total 54272K, used 7892K [0x00000000a0000000, 0x00000000a3500000, 0x00000000e0000000)
  object space 54272K, 14% used [0x00000000a0000000,0x00000000a07b53d0,0x00000000a3500000)
 Metaspace       used 17898K, capacity 18214K, committed 18432K, reserved 1069056K
  class space    used 2100K, capacity 2171K, committed 2304K, reserved 1048576K
}
Event: 9.686 GC heap before
{Heap before GC invocations=5 (full 2):
 PSYoungGen      total 37888K, used 2905K [0x00000000e0000000, 0x00000000e2a00000, 0x0000000100000000)
  eden space 32768K, 0% used [0x00000000e0000000,0x00000000e0000000,0x00000000e2000000)
  from space 5120K, 56% used [0x00000000e2000000,0x00000000e22d65b0,0x00000000e2500000)
  to   space 5120K, 0% used [0x00000000e2500000,0x00000000e2500000,0x00000000e2a00000)
 ParOldGen       total 54272K, used 7892K [0x00000000a0000000, 0x00000000a3500000, 0x00000000e0000000)
  object space 54272K, 14% used [0x00000000a0000000,0x00000000a07b53d0,0x00000000a3500000)
 Metaspace       used 17898K, capacity 18214K, committed 18432K, reserved 1069056K
  class space    used 2100K, capacity 2171K, committed 2304K, reserved 1048576K
Event: 9.744 GC heap after
Heap after GC invocations=5 (full 2):
 PSYoungGen      total 37888K, used 0K [0x00000000e0000000, 0x00000000e2a00000, 0x0000000100000000)
  eden space 32768K, 0% used [0x00000000e0000000,0x00000000e0000000,0x00000000e2000000)
  from space 5120K, 0% used [0x00000000e2000000,0x00000000e2000000,0x00000000e2500000)
  to   space 5120K, 0% used [0x00000000e2500000,0x00000000e2500000,0x00000000e2a00000)
 ParOldGen       total 54272K, used 7867K [0x00000000a0000000, 0x00000000a3500000, 0x00000000e0000000)
  object space 54272K, 14% used [0x00000000a0000000,0x00000000a07aec30,0x00000000a3500000)
 Metaspace       used 17898K, capacity 18214K, committed 18432K, reserved 1067008K
  class space    used 2100K, capacity 2171K, committed 2304K, reserved 1048576K
}

