# JRE version: OpenJDK Runtime Environment (8.0_212-b04) (build 1.8.0_212-release-1586-b04)
# Java VM: OpenJDK 64-Bit Server VM (25.212-b04 mixed mode windows-amd64 compressed oops)
Heap:
 PSYoungGen      total 85504K, used 13325K [0x00000000d6200000, 0x00000000dde00000, 0x0000000100000000)
  eden space 69120K, 19% used [0x00000000d6200000,0x00000000d6f03630,0x00000000da580000)
  from space 16384K, 0% used [0x00000000db580000,0x00000000db580000,0x00000000dc580000)
  to   space 16384K, 0% used [0x00000000da580000,0x00000000da580000,0x00000000db580000)
 ParOldGen       total 112640K, used 20111K [0x0000000082600000, 0x0000000089400000, 0x00000000d6200000)
  object space 112640K, 17% used [0x0000000082600000,0x00000000839a3f80,0x0000000089400000)
 Metaspace       used 35889K, capacity 36372K, committed 36696K, reserved 1081344K
  class space    used 4545K, capacity 4701K, committed 4736K, reserved 1048576K
GC Heap History (10 events):
Event: 3.623 GC heap before
{Heap before GC invocations=4 (full 1):
 PSYoungGen      total 37888K, used 5093K [0x00000000d6200000, 0x00000000dac00000, 0x0000000100000000)
  eden space 32768K, 0% used [0x00000000d6200000,0x00000000d6200000,0x00000000d8200000)
  from space 5120K, 99% used [0x00000000d8200000,0x00000000d86f96b0,0x00000000d8700000)
  to   space 5120K, 0% used [0x00000000da700000,0x00000000da700000,0x00000000dac00000)
 ParOldGen       total 86016K, used 11602K [0x0000000082600000, 0x0000000087a00000, 0x00000000d6200000)
  object space 86016K, 13% used [0x0000000082600000,0x00000000831548d8,0x0000000087a00000)
 Metaspace       used 20697K, capacity 21088K, committed 21248K, reserved 1067008K
  class space    used 2635K, capacity 2786K, committed 2816K, reserved 1048576K
Event: 3.698 GC heap after
Heap after GC invocations=4 (full 1):
 PSYoungGen      total 37888K, used 0K [0x00000000d6200000, 0x00000000dac00000, 0x0000000100000000)
  eden space 32768K, 0% used [0x00000000d6200000,0x00000000d6200000,0x00000000d8200000)
  from space 5120K, 0% used [0x00000000d8200000,0x00000000d8200000,0x00000000d8700000)
  to   space 5120K, 0% used [0x00000000da700000,0x00000000da700000,0x00000000dac00000)
 ParOldGen       total 63488K, used 8907K [0x0000000082600000, 0x0000000086400000, 0x00000000d6200000)
  object space 63488K, 14% used [0x0000000082600000,0x0000000082eb2cb0,0x0000000086400000)
 Metaspace       used 20697K, capacity 21088K, committed 21248K, reserved 1067008K
  class space    used 2635K, capacity 2786K, committed 2816K, reserved 1048576K
}
Event: 5.528 GC heap before
{Heap before GC invocations=5 (full 1):
 PSYoungGen      total 37888K, used 32768K [0x00000000d6200000, 0x00000000dac00000, 0x0000000100000000)
  eden space 32768K, 100% used [0x00000000d6200000,0x00000000d8200000,0x00000000d8200000)
  from space 5120K, 0% used [0x00000000d8200000,0x00000000d8200000,0x00000000d8700000)
  to   space 5120K, 0% used [0x00000000da700000,0x00000000da700000,0x00000000dac00000)
 ParOldGen       total 63488K, used 8907K [0x0000000082600000, 0x0000000086400000, 0x00000000d6200000)
  object space 63488K, 14% used [0x0000000082600000,0x0000000082eb2cb0,0x0000000086400000)
 Metaspace       used 23015K, capacity 23433K, committed 23680K, reserved 1069056K
  class space    used 2952K, capacity 3087K, committed 3200K, reserved 1048576K
Event: 5.537 GC heap after
Heap after GC invocations=5 (full 1):
 PSYoungGen      total 53248K, used 5096K [0x00000000d6200000, 0x00000000dac00000, 0x0000000100000000)
  eden space 48128K, 0% used [0x00000000d6200000,0x00000000d6200000,0x00000000d9100000)
  from space 5120K, 99% used [0x00000000da700000,0x00000000dabfa058,0x00000000dac00000)
  to   space 5120K, 0% used [0x00000000da200000,0x00000000da200000,0x00000000da700000)
 ParOldGen       total 63488K, used 10361K [0x0000000082600000, 0x0000000086400000, 0x00000000d6200000)
  object space 63488K, 16% used [0x0000000082600000,0x000000008301e778,0x0000000086400000)
 Metaspace       used 23015K, capacity 23433K, committed 23680K, reserved 1069056K
  class space    used 2952K, capacity 3087K, committed 3200K, reserved 1048576K
}
Event: 7.509 GC heap before
{Heap before GC invocations=6 (full 1):
 PSYoungGen      total 53248K, used 53224K [0x00000000d6200000, 0x00000000dac00000, 0x0000000100000000)
  eden space 48128K, 100% used [0x00000000d6200000,0x00000000d9100000,0x00000000d9100000)
  from space 5120K, 99% used [0x00000000da700000,0x00000000dabfa058,0x00000000dac00000)
  to   space 5120K, 0% used [0x00000000da200000,0x00000000da200000,0x00000000da700000)
 ParOldGen       total 63488K, used 10361K [0x0000000082600000, 0x0000000086400000, 0x00000000d6200000)
  object space 63488K, 16% used [0x0000000082600000,0x000000008301e778,0x0000000086400000)
 Metaspace       used 31026K, capacity 31451K, committed 32000K, reserved 1077248K
  class space    used 3886K, capacity 3996K, committed 4096K, reserved 1048576K
Event: 7.530 GC heap after
Heap after GC invocations=6 (full 1):
 PSYoungGen      total 70656K, used 5099K [0x00000000d6200000, 0x00000000dc580000, 0x0000000100000000)
  eden space 65536K, 0% used [0x00000000d6200000,0x00000000d6200000,0x00000000da200000)
  from space 5120K, 99% used [0x00000000da200000,0x00000000da6fadd8,0x00000000da700000)
  to   space 16384K, 0% used [0x00000000db580000,0x00000000db580000,0x00000000dc580000)
 ParOldGen       total 63488K, used 22307K [0x0000000082600000, 0x0000000086400000, 0x00000000d6200000)
  object space 63488K, 35% used [0x0000000082600000,0x0000000083bc8e18,0x0000000086400000)
 Metaspace       used 31026K, capacity 31451K, committed 32000K, reserved 1077248K
  class space    used 3886K, capacity 3996K, committed 4096K, reserved 1048576K
}
Event: 8.996 GC heap before
{Heap before GC invocations=7 (full 1):
 PSYoungGen      total 70656K, used 44091K [0x00000000d6200000, 0x00000000dc580000, 0x0000000100000000)
  eden space 65536K, 59% used [0x00000000d6200000,0x00000000d8813f30,0x00000000da200000)
  from space 5120K, 99% used [0x00000000da200000,0x00000000da6fadd8,0x00000000da700000)
  to   space 16384K, 0% used [0x00000000db580000,0x00000000db580000,0x00000000dc580000)
 ParOldGen       total 63488K, used 22307K [0x0000000082600000, 0x0000000086400000, 0x00000000d6200000)
  object space 63488K, 35% used [0x0000000082600000,0x0000000083bc8e18,0x0000000086400000)
 Metaspace       used 34701K, capacity 35186K, committed 35416K, reserved 1081344K
  class space    used 4314K, capacity 4476K, committed 4480K, reserved 1048576K
Event: 9.022 GC heap after
Heap after GC invocations=7 (full 1):
 PSYoungGen      total 85504K, used 11455K [0x00000000d6200000, 0x00000000dde00000, 0x0000000100000000)
  eden space 69120K, 0% used [0x00000000d6200000,0x00000000d6200000,0x00000000da580000)
  from space 16384K, 69% used [0x00000000db580000,0x00000000dc0aff10,0x00000000dc580000)
  to   space 16384K, 0% used [0x00000000da580000,0x00000000da580000,0x00000000db580000)
 ParOldGen       total 63488K, used 22315K [0x0000000082600000, 0x0000000086400000, 0x00000000d6200000)
  object space 63488K, 35% used [0x0000000082600000,0x0000000083bcae18,0x0000000086400000)
 Metaspace       used 34701K, capacity 35186K, committed 35416K, reserved 1081344K
  class space    used 4314K, capacity 4476K, committed 4480K, reserved 1048576K
}
Event: 9.022 GC heap before
{Heap before GC invocations=8 (full 2):
 PSYoungGen      total 85504K, used 11455K [0x00000000d6200000, 0x00000000dde00000, 0x0000000100000000)
  eden space 69120K, 0% used [0x00000000d6200000,0x00000000d6200000,0x00000000da580000)
  from space 16384K, 69% used [0x00000000db580000,0x00000000dc0aff10,0x00000000dc580000)
  to   space 16384K, 0% used [0x00000000da580000,0x00000000da580000,0x00000000db580000)
 ParOldGen       total 63488K, used 22315K [0x0000000082600000, 0x0000000086400000, 0x00000000d6200000)
  object space 63488K, 35% used [0x0000000082600000,0x0000000083bcae18,0x0000000086400000)
 Metaspace       used 34701K, capacity 35186K, committed 35416K, reserved 1081344K
  class space    used 4314K, capacity 4476K, committed 4480K, reserved 1048576K
Event: 9.221 GC heap after
Heap after GC invocations=8 (full 2):
 PSYoungGen      total 85504K, used 0K [0x00000000d6200000, 0x00000000dde00000, 0x0000000100000000)
  eden space 69120K, 0% used [0x00000000d6200000,0x00000000d6200000,0x00000000da580000)
  from space 16384K, 0% used [0x00000000db580000,0x00000000db580000,0x00000000dc580000)
  to   space 16384K, 0% used [0x00000000da580000,0x00000000da580000,0x00000000db580000)
 ParOldGen       total 112640K, used 20111K [0x0000000082600000, 0x0000000089400000, 0x00000000d6200000)
  object space 112640K, 17% used [0x0000000082600000,0x00000000839a3f80,0x0000000089400000)
 Metaspace       used 34701K, capacity 35186K, committed 35416K, reserved 1081344K
  class space    used 4314K, capacity 4476K, committed 4480K, reserved 1048576K
}

