# JRE version: OpenJDK Runtime Environment (8.0_212-b04) (build 1.8.0_212-release-1586-b04)
# Java VM: OpenJDK 64-Bit Server VM (25.212-b04 mixed mode windows-amd64 compressed oops)
Heap:
 PSYoungGen      total 209408K, used 78898K [0x00000000e0000000, 0x00000000f0000000, 0x0000000100000000)
  eden space 185344K, 34% used [0x00000000e0000000,0x00000000e3e9b120,0x00000000eb500000)
  from space 24064K, 61% used [0x00000000eb500000,0x00000000ec371ad8,0x00000000ecc80000)
  to   space 24064K, 0% used [0x00000000ee880000,0x00000000ee880000,0x00000000f0000000)
 ParOldGen       total 138752K, used 46315K [0x00000000a0000000, 0x00000000a8780000, 0x00000000e0000000)
  object space 138752K, 33% used [0x00000000a0000000,0x00000000a2d3ad80,0x00000000a8780000)
 Metaspace       used 72272K, capacity 75514K, committed 75648K, reserved 1114112K
  class space    used 9648K, capacity 10262K, committed 10368K, reserved 1048576K
GC Heap History (10 events):
Event: 14.334 GC heap before
{Heap before GC invocations=14 (full 2):
 PSYoungGen      total 150528K, used 67489K [0x00000000e0000000, 0x00000000ebf80000, 0x0000000100000000)
  eden space 136704K, 39% used [0x00000000e0000000,0x00000000e3469198,0x00000000e8580000)
  from space 13824K, 99% used [0x00000000e8580000,0x00000000e92ff320,0x00000000e9300000)
  to   space 17920K, 0% used [0x00000000eae00000,0x00000000eae00000,0x00000000ebf80000)
 ParOldGen       total 91648K, used 23362K [0x00000000a0000000, 0x00000000a5980000, 0x00000000e0000000)
  object space 91648K, 25% used [0x00000000a0000000,0x00000000a16d0be8,0x00000000a5980000)
 Metaspace       used 57125K, capacity 59070K, committed 59096K, reserved 1099776K
  class space    used 7856K, capacity 8296K, committed 8320K, reserved 1048576K
Event: 14.366 GC heap after
Heap after GC invocations=14 (full 2):
 PSYoungGen      total 177664K, used 12305K [0x00000000e0000000, 0x00000000ed300000, 0x0000000100000000)
  eden space 159744K, 0% used [0x00000000e0000000,0x00000000e0000000,0x00000000e9c00000)
  from space 17920K, 68% used [0x00000000eae00000,0x00000000eba044d8,0x00000000ebf80000)
  to   space 18432K, 0% used [0x00000000e9c00000,0x00000000e9c00000,0x00000000eae00000)
 ParOldGen       total 91648K, used 29437K [0x00000000a0000000, 0x00000000a5980000, 0x00000000e0000000)
  object space 91648K, 32% used [0x00000000a0000000,0x00000000a1cbf4a8,0x00000000a5980000)
 Metaspace       used 57125K, capacity 59070K, committed 59096K, reserved 1099776K
  class space    used 7856K, capacity 8296K, committed 8320K, reserved 1048576K
}
Event: 14.366 GC heap before
{Heap before GC invocations=15 (full 3):
 PSYoungGen      total 177664K, used 12305K [0x00000000e0000000, 0x00000000ed300000, 0x0000000100000000)
  eden space 159744K, 0% used [0x00000000e0000000,0x00000000e0000000,0x00000000e9c00000)
  from space 17920K, 68% used [0x00000000eae00000,0x00000000eba044d8,0x00000000ebf80000)
  to   space 18432K, 0% used [0x00000000e9c00000,0x00000000e9c00000,0x00000000eae00000)
 ParOldGen       total 91648K, used 29437K [0x00000000a0000000, 0x00000000a5980000, 0x00000000e0000000)
  object space 91648K, 32% used [0x00000000a0000000,0x00000000a1cbf4a8,0x00000000a5980000)
 Metaspace       used 57125K, capacity 59070K, committed 59096K, reserved 1099776K
  class space    used 7856K, capacity 8296K, committed 8320K, reserved 1048576K
Event: 14.748 GC heap after
Heap after GC invocations=15 (full 3):
 PSYoungGen      total 177664K, used 0K [0x00000000e0000000, 0x00000000ed300000, 0x0000000100000000)
  eden space 159744K, 0% used [0x00000000e0000000,0x00000000e0000000,0x00000000e9c00000)
  from space 17920K, 0% used [0x00000000eae00000,0x00000000eae00000,0x00000000ebf80000)
  to   space 18432K, 0% used [0x00000000e9c00000,0x00000000e9c00000,0x00000000eae00000)
 ParOldGen       total 138752K, used 31693K [0x00000000a0000000, 0x00000000a8780000, 0x00000000e0000000)
  object space 138752K, 22% used [0x00000000a0000000,0x00000000a1ef3700,0x00000000a8780000)
 Metaspace       used 57125K, capacity 59070K, committed 59096K, reserved 1099776K
  class space    used 7856K, capacity 8296K, committed 8320K, reserved 1048576K
}
Event: 17.373 GC heap before
{Heap before GC invocations=16 (full 3):
 PSYoungGen      total 177664K, used 159744K [0x00000000e0000000, 0x00000000ed300000, 0x0000000100000000)
  eden space 159744K, 100% used [0x00000000e0000000,0x00000000e9c00000,0x00000000e9c00000)
  from space 17920K, 0% used [0x00000000eae00000,0x00000000eae00000,0x00000000ebf80000)
  to   space 18432K, 0% used [0x00000000e9c00000,0x00000000e9c00000,0x00000000eae00000)
 ParOldGen       total 138752K, used 31693K [0x00000000a0000000, 0x00000000a8780000, 0x00000000e0000000)
  object space 138752K, 22% used [0x00000000a0000000,0x00000000a1ef3700,0x00000000a8780000)
 Metaspace       used 62295K, capacity 64996K, committed 65280K, reserved 1105920K
  class space    used 8616K, capacity 9145K, committed 9216K, reserved 1048576K
Event: 17.389 GC heap after
Heap after GC invocations=16 (full 3):
 PSYoungGen      total 178176K, used 14969K [0x00000000e0000000, 0x00000000edf80000, 0x0000000100000000)
  eden space 159744K, 0% used [0x00000000e0000000,0x00000000e0000000,0x00000000e9c00000)
  from space 18432K, 81% used [0x00000000e9c00000,0x00000000eaa9e628,0x00000000eae00000)
  to   space 19456K, 0% used [0x00000000ecc80000,0x00000000ecc80000,0x00000000edf80000)
 ParOldGen       total 138752K, used 31701K [0x00000000a0000000, 0x00000000a8780000, 0x00000000e0000000)
  object space 138752K, 22% used [0x00000000a0000000,0x00000000a1ef5700,0x00000000a8780000)
 Metaspace       used 62295K, capacity 64996K, committed 65280K, reserved 1105920K
  class space    used 8616K, capacity 9145K, committed 9216K, reserved 1048576K
}
Event: 19.819 GC heap before
{Heap before GC invocations=17 (full 3):
 PSYoungGen      total 178176K, used 174713K [0x00000000e0000000, 0x00000000edf80000, 0x0000000100000000)
  eden space 159744K, 100% used [0x00000000e0000000,0x00000000e9c00000,0x00000000e9c00000)
  from space 18432K, 81% used [0x00000000e9c00000,0x00000000eaa9e628,0x00000000eae00000)
  to   space 19456K, 0% used [0x00000000ecc80000,0x00000000ecc80000,0x00000000edf80000)
 ParOldGen       total 138752K, used 31701K [0x00000000a0000000, 0x00000000a8780000, 0x00000000e0000000)
  object space 138752K, 22% used [0x00000000a0000000,0x00000000a1ef5700,0x00000000a8780000)
 Metaspace       used 69587K, capacity 72636K, committed 72832K, reserved 1112064K
  class space    used 9516K, capacity 10091K, committed 10112K, reserved 1048576K
Event: 19.855 GC heap after
Heap after GC invocations=17 (full 3):
 PSYoungGen      total 204800K, used 19453K [0x00000000e0000000, 0x00000000ee880000, 0x0000000100000000)
  eden space 185344K, 0% used [0x00000000e0000000,0x00000000e0000000,0x00000000eb500000)
  from space 19456K, 99% used [0x00000000ecc80000,0x00000000edf7f698,0x00000000edf80000)
  to   space 24064K, 0% used [0x00000000eb500000,0x00000000eb500000,0x00000000ecc80000)
 ParOldGen       total 138752K, used 36606K [0x00000000a0000000, 0x00000000a8780000, 0x00000000e0000000)
  object space 138752K, 26% used [0x00000000a0000000,0x00000000a23bf8d0,0x00000000a8780000)
 Metaspace       used 69587K, capacity 72636K, committed 72832K, reserved 1112064K
  class space    used 9516K, capacity 10091K, committed 10112K, reserved 1048576K
}
Event: 157.699 GC heap before
{Heap before GC invocations=18 (full 3):
 PSYoungGen      total 204800K, used 204797K [0x00000000e0000000, 0x00000000ee880000, 0x0000000100000000)
  eden space 185344K, 100% used [0x00000000e0000000,0x00000000eb500000,0x00000000eb500000)
  from space 19456K, 99% used [0x00000000ecc80000,0x00000000edf7f698,0x00000000edf80000)
  to   space 24064K, 0% used [0x00000000eb500000,0x00000000eb500000,0x00000000ecc80000)
 ParOldGen       total 138752K, used 36606K [0x00000000a0000000, 0x00000000a8780000, 0x00000000e0000000)
  object space 138752K, 26% used [0x00000000a0000000,0x00000000a23bf8d0,0x00000000a8780000)
 Metaspace       used 72158K, capacity 75280K, committed 75392K, reserved 1114112K
  class space    used 9645K, capacity 10257K, committed 10368K, reserved 1048576K
Event: 157.726 GC heap after
Heap after GC invocations=18 (full 3):
 PSYoungGen      total 209408K, used 14790K [0x00000000e0000000, 0x00000000f0000000, 0x0000000100000000)
  eden space 185344K, 0% used [0x00000000e0000000,0x00000000e0000000,0x00000000eb500000)
  from space 24064K, 61% used [0x00000000eb500000,0x00000000ec371ad8,0x00000000ecc80000)
  to   space 24064K, 0% used [0x00000000ee880000,0x00000000ee880000,0x00000000f0000000)
 ParOldGen       total 138752K, used 46315K [0x00000000a0000000, 0x00000000a8780000, 0x00000000e0000000)
  object space 138752K, 33% used [0x00000000a0000000,0x00000000a2d3ad80,0x00000000a8780000)
 Metaspace       used 72158K, capacity 75280K, committed 75392K, reserved 1114112K
  class space    used 9645K, capacity 10257K, committed 10368K, reserved 1048576K
}

