# JRE version: OpenJDK Runtime Environment (8.0_212-b04) (build 1.8.0_212-release-1586-b04)
# Java VM: OpenJDK 64-Bit Server VM (25.212-b04 mixed mode windows-amd64 compressed oops)
Heap:
 PSYoungGen      total 74240K, used 17030K [0x00000000e0000000, 0x00000000e7b00000, 0x0000000100000000)
  eden space 64000K, 12% used [0x00000000e0000000,0x00000000e07f7398,0x00000000e3e80000)
  from space 10240K, 86% used [0x00000000e4a00000,0x00000000e52aa830,0x00000000e5400000)
  to   space 11776K, 0% used [0x00000000e3e80000,0x00000000e3e80000,0x00000000e4a00000)
 ParOldGen       total 59392K, used 9363K [0x00000000a0000000, 0x00000000a3a00000, 0x00000000e0000000)
  object space 59392K, 15% used [0x00000000a0000000,0x00000000a0924d30,0x00000000a3a00000)
 Metaspace       used 32418K, capacity 33158K, committed 33408K, reserved 1077248K
  class space    used 4457K, capacity 4676K, committed 4736K, reserved 1048576K
GC Heap History (10 events):
Event: 4.757 GC heap before
{Heap before GC invocations=5 (full 0):
 PSYoungGen      total 37888K, used 37856K [0x00000000e0000000, 0x00000000e2a00000, 0x0000000100000000)
  eden space 32768K, 100% used [0x00000000e0000000,0x00000000e2000000,0x00000000e2000000)
  from space 5120K, 99% used [0x00000000e2500000,0x00000000e29f8020,0x00000000e2a00000)
  to   space 5120K, 0% used [0x00000000e2000000,0x00000000e2000000,0x00000000e2500000)
 ParOldGen       total 86016K, used 4019K [0x00000000a0000000, 0x00000000a5400000, 0x00000000e0000000)
  object space 86016K, 4% used [0x00000000a0000000,0x00000000a03ecf60,0x00000000a5400000)
 Metaspace       used 17511K, capacity 18026K, committed 18432K, reserved 1064960K
  class space    used 2522K, capacity 2695K, committed 2816K, reserved 1048576K
Event: 4.767 GC heap after
Heap after GC invocations=5 (full 0):
 PSYoungGen      total 37888K, used 5088K [0x00000000e0000000, 0x00000000e5400000, 0x0000000100000000)
  eden space 32768K, 0% used [0x00000000e0000000,0x00000000e0000000,0x00000000e2000000)
  from space 5120K, 99% used [0x00000000e2000000,0x00000000e24f8040,0x00000000e2500000)
  to   space 10240K, 0% used [0x00000000e4a00000,0x00000000e4a00000,0x00000000e5400000)
 ParOldGen       total 86016K, used 7389K [0x00000000a0000000, 0x00000000a5400000, 0x00000000e0000000)
  object space 86016K, 8% used [0x00000000a0000000,0x00000000a0737430,0x00000000a5400000)
 Metaspace       used 17511K, capacity 18026K, committed 18432K, reserved 1064960K
  class space    used 2522K, capacity 2695K, committed 2816K, reserved 1048576K
}
Event: 5.284 GC heap before
{Heap before GC invocations=6 (full 0):
 PSYoungGen      total 37888K, used 34541K [0x00000000e0000000, 0x00000000e5400000, 0x0000000100000000)
  eden space 32768K, 89% used [0x00000000e0000000,0x00000000e1cc36d0,0x00000000e2000000)
  from space 5120K, 99% used [0x00000000e2000000,0x00000000e24f8040,0x00000000e2500000)
  to   space 10240K, 0% used [0x00000000e4a00000,0x00000000e4a00000,0x00000000e5400000)
 ParOldGen       total 86016K, used 7389K [0x00000000a0000000, 0x00000000a5400000, 0x00000000e0000000)
  object space 86016K, 8% used [0x00000000a0000000,0x00000000a0737430,0x00000000a5400000)
 Metaspace       used 20625K, capacity 21164K, committed 21296K, reserved 1067008K
  class space    used 2976K, capacity 3170K, committed 3200K, reserved 1048576K
Event: 5.294 GC heap after
Heap after GC invocations=6 (full 0):
 PSYoungGen      total 74752K, used 8782K [0x00000000e0000000, 0x00000000e5600000, 0x0000000100000000)
  eden space 64512K, 0% used [0x00000000e0000000,0x00000000e0000000,0x00000000e3f00000)
  from space 10240K, 85% used [0x00000000e4a00000,0x00000000e5293840,0x00000000e5400000)
  to   space 11264K, 0% used [0x00000000e3f00000,0x00000000e3f00000,0x00000000e4a00000)
 ParOldGen       total 86016K, used 7397K [0x00000000a0000000, 0x00000000a5400000, 0x00000000e0000000)
  object space 86016K, 8% used [0x00000000a0000000,0x00000000a0739430,0x00000000a5400000)
 Metaspace       used 20625K, capacity 21164K, committed 21296K, reserved 1067008K
  class space    used 2976K, capacity 3170K, committed 3200K, reserved 1048576K
}
Event: 5.294 GC heap before
{Heap before GC invocations=7 (full 1):
 PSYoungGen      total 74752K, used 8782K [0x00000000e0000000, 0x00000000e5600000, 0x0000000100000000)
  eden space 64512K, 0% used [0x00000000e0000000,0x00000000e0000000,0x00000000e3f00000)
  from space 10240K, 85% used [0x00000000e4a00000,0x00000000e5293840,0x00000000e5400000)
  to   space 11264K, 0% used [0x00000000e3f00000,0x00000000e3f00000,0x00000000e4a00000)
 ParOldGen       total 86016K, used 7397K [0x00000000a0000000, 0x00000000a5400000, 0x00000000e0000000)
  object space 86016K, 8% used [0x00000000a0000000,0x00000000a0739430,0x00000000a5400000)
 Metaspace       used 20625K, capacity 21164K, committed 21296K, reserved 1067008K
  class space    used 2976K, capacity 3170K, committed 3200K, reserved 1048576K
Event: 5.340 GC heap after
Heap after GC invocations=7 (full 1):
 PSYoungGen      total 74752K, used 0K [0x00000000e0000000, 0x00000000e5600000, 0x0000000100000000)
  eden space 64512K, 0% used [0x00000000e0000000,0x00000000e0000000,0x00000000e3f00000)
  from space 10240K, 0% used [0x00000000e4a00000,0x00000000e4a00000,0x00000000e5400000)
  to   space 11264K, 0% used [0x00000000e3f00000,0x00000000e3f00000,0x00000000e4a00000)
 ParOldGen       total 59392K, used 9347K [0x00000000a0000000, 0x00000000a3a00000, 0x00000000e0000000)
  object space 59392K, 15% used [0x00000000a0000000,0x00000000a0920d30,0x00000000a3a00000)
 Metaspace       used 20625K, capacity 21164K, committed 21296K, reserved 1067008K
  class space    used 2976K, capacity 3170K, committed 3200K, reserved 1048576K
}
Event: 6.569 GC heap before
{Heap before GC invocations=8 (full 1):
 PSYoungGen      total 74752K, used 64512K [0x00000000e0000000, 0x00000000e5600000, 0x0000000100000000)
  eden space 64512K, 100% used [0x00000000e0000000,0x00000000e3f00000,0x00000000e3f00000)
  from space 10240K, 0% used [0x00000000e4a00000,0x00000000e4a00000,0x00000000e5400000)
  to   space 11264K, 0% used [0x00000000e3f00000,0x00000000e3f00000,0x00000000e4a00000)
 ParOldGen       total 59392K, used 9347K [0x00000000a0000000, 0x00000000a3a00000, 0x00000000e0000000)
  object space 59392K, 15% used [0x00000000a0000000,0x00000000a0920d30,0x00000000a3a00000)
 Metaspace       used 29172K, capacity 29858K, committed 30080K, reserved 1075200K
  class space    used 3941K, capacity 4152K, committed 4224K, reserved 1048576K
Event: 6.581 GC heap after
Heap after GC invocations=8 (full 1):
 PSYoungGen      total 75776K, used 8274K [0x00000000e0000000, 0x00000000e5600000, 0x0000000100000000)
  eden space 64512K, 0% used [0x00000000e0000000,0x00000000e0000000,0x00000000e3f00000)
  from space 11264K, 73% used [0x00000000e3f00000,0x00000000e4714818,0x00000000e4a00000)
  to   space 10240K, 0% used [0x00000000e4a00000,0x00000000e4a00000,0x00000000e5400000)
 ParOldGen       total 59392K, used 9355K [0x00000000a0000000, 0x00000000a3a00000, 0x00000000e0000000)
  object space 59392K, 15% used [0x00000000a0000000,0x00000000a0922d30,0x00000000a3a00000)
 Metaspace       used 29172K, capacity 29858K, committed 30080K, reserved 1075200K
  class space    used 3941K, capacity 4152K, committed 4224K, reserved 1048576K
}
Event: 7.379 GC heap before
{Heap before GC invocations=9 (full 1):
 PSYoungGen      total 75776K, used 72786K [0x00000000e0000000, 0x00000000e5600000, 0x0000000100000000)
  eden space 64512K, 100% used [0x00000000e0000000,0x00000000e3f00000,0x00000000e3f00000)
  from space 11264K, 73% used [0x00000000e3f00000,0x00000000e4714818,0x00000000e4a00000)
  to   space 10240K, 0% used [0x00000000e4a00000,0x00000000e4a00000,0x00000000e5400000)
 ParOldGen       total 59392K, used 9355K [0x00000000a0000000, 0x00000000a3a00000, 0x00000000e0000000)
  object space 59392K, 15% used [0x00000000a0000000,0x00000000a0922d30,0x00000000a3a00000)
 Metaspace       used 32118K, capacity 32870K, committed 33152K, reserved 1077248K
  class space    used 4413K, capacity 4644K, committed 4736K, reserved 1048576K
Event: 7.389 GC heap after
Heap after GC invocations=9 (full 1):
 PSYoungGen      total 74240K, used 8874K [0x00000000e0000000, 0x00000000e7b00000, 0x0000000100000000)
  eden space 64000K, 0% used [0x00000000e0000000,0x00000000e0000000,0x00000000e3e80000)
  from space 10240K, 86% used [0x00000000e4a00000,0x00000000e52aa830,0x00000000e5400000)
  to   space 11776K, 0% used [0x00000000e3e80000,0x00000000e3e80000,0x00000000e4a00000)
 ParOldGen       total 59392K, used 9363K [0x00000000a0000000, 0x00000000a3a00000, 0x00000000e0000000)
  object space 59392K, 15% used [0x00000000a0000000,0x00000000a0924d30,0x00000000a3a00000)
 Metaspace       used 32118K, capacity 32870K, committed 33152K, reserved 1077248K
  class space    used 4413K, capacity 4644K, committed 4736K, reserved 1048576K
}

